#
# A fatal error has been detected by the Java Runtime Environment:
#
#  EXCEPTION_ACCESS_VIOLATION (0xc0000005) at pc=0x00007ffdb055be45, pid=15108, tid=23840
#
# JRE version: OpenJDK Runtime Environment (22.0.1+8) (build 22.0.1+8-16)
# Java VM: OpenJDK 64-Bit Server VM (22.0.1+8-16, mixed mode, sharing, tiered, compressed oops, compressed class ptrs, g1 gc, windows-amd64)
# Problematic frame:
# V  [jvm.dll+0x2fbe45]
#
# No core dump will be written. Minidumps are not enabled by default on client versions of Windows
#
# If you would like to submit a bug report, please visit:
#   https://bugreport.java.com/bugreport/crash.jsp
#

---------------  S U M M A R Y ------------

Command Line: -javaagent:C:\Program Files\JetBrains\IntelliJ IDEA Community Edition 2024.1\lib\idea_rt.jar=53832:C:\Program Files\JetBrains\IntelliJ IDEA Community Edition 2024.1\bin -Dfile.encoding=UTF-8 -Dsun.stdout.encoding=UTF-8 -Dsun.stderr.encoding=UTF-8 GestionaleAziendale.GesionaleBack.GesionaleBackApplication

Host: Intel(R) Core(TM) i9-14900HX, 32 cores, 31G,  Windows 11 , 64 bit Build 22621 (10.0.22621.3672)
Time: Thu Jun 13 12:19:20 2024 ora legale Europa occidentale elapsed time: 1.631678 seconds (0d 0h 0m 1s)

---------------  T H R E A D  ---------------

Current thread (0x00000237a0206010):  JavaThread "C2 CompilerThread3" daemon [_thread_in_native, id=23840, stack(0x000000448aa00000,0x000000448ab00000) (1024K)]


Current CompileTask:
C2:1631 4013       4       org.springframework.core.ResolvableType::forType (112 bytes)

Stack: [0x000000448aa00000,0x000000448ab00000],  sp=0x000000448aafbea0,  free space=1007k
Native frames: (J=compiled Java code, j=interpreted, Vv=VM code, C=native code)
V  [jvm.dll+0x2fbe45]  (no source info available)
V  [jvm.dll+0x2fbd56]  (no source info available)
V  [jvm.dll+0x2fc8fa]  (no source info available)
V  [jvm.dll+0x2fdddb]  (no source info available)
V  [jvm.dll+0x2febe6]  (no source info available)
V  [jvm.dll+0x2ff8d4]  (no source info available)
V  [jvm.dll+0x248ecf]  (no source info available)
V  [jvm.dll+0x246ec6]  (no source info available)
V  [jvm.dll+0x1c4e90]  (no source info available)
V  [jvm.dll+0x2569fe]  (no source info available)
V  [jvm.dll+0x254cba]  (no source info available)
V  [jvm.dll+0x3f5336]  (no source info available)
V  [jvm.dll+0x81d44b]  (no source info available)
V  [jvm.dll+0x6e0915]  (no source info available)
C  [ucrtbase.dll+0x29333]  (no source info available)
C  [KERNEL32.DLL+0x1257d]  (no source info available)
C  [ntdll.dll+0x5af28]  (no source info available)


siginfo: EXCEPTION_ACCESS_VIOLATION (0xc0000005), reading address 0x0000000200000031


Registers:
RAX=0x00000237a423bec8, RBX=0x0000000000000000, RCX=0x0000000000000024, RDX=0x00000237a423be40
RSP=0x000000448aafbea0, RBP=0x00000237a1ef0eb0, RSI=0x00000237a1ef0eb0, RDI=0x00000237a1d51c98
R8 =0x0000000000000024, R9 =0x0000000000000000, R10=0x00007ffe18ae0000, R11=0x00007ffe18ae1b7f
R12=0x00000237a1ef0eb0, R13=0x0000000200000001, R14=0x0000000000000008, R15=0x00000237a423be40
RIP=0x00007ffdb055be45, EFLAGS=0x0000000000010206


Register to memory mapping:

RAX=0x00000237a423bec8 points into unknown readable memory: 0x00000237a3ae2580 | 80 25 ae a3 37 02 00 00
RBX=0x0 is null
RCX=0x0000000000000024 is an unknown value
RDX=0x00000237a423be40 points into unknown readable memory: 0x0000000200000001 | 01 00 00 00 02 00 00 00
RSP=0x000000448aafbea0 is pointing into the stack for thread: 0x00000237a0206010
RBP=0x00000237a1ef0eb0 points into unknown readable memory: 0x0000122d0000122d | 2d 12 00 00 2d 12 00 00
RSI=0x00000237a1ef0eb0 points into unknown readable memory: 0x0000122d0000122d | 2d 12 00 00 2d 12 00 00
RDI=0x00000237a1d51c98 points into unknown readable memory: 0x000001000000009f | 9f 00 00 00 00 01 00 00
R8 =0x0000000000000024 is an unknown value
R9 =0x0 is null
R10=0x00007ffe18ae0000 VCRUNTIME140.dll
R11=0x00007ffe18ae1b7f VCRUNTIME140.dll
R12=0x00000237a1ef0eb0 points into unknown readable memory: 0x0000122d0000122d | 2d 12 00 00 2d 12 00 00
R13=0x0000000200000001 is an unknown value
R14=0x0000000000000008 is an unknown value
R15=0x00000237a423be40 points into unknown readable memory: 0x0000000200000001 | 01 00 00 00 02 00 00 00

Top of Stack: (sp=0x000000448aafbea0)
0x000000448aafbea0:   00000237a423ee38 00007ffdb055d577
0x000000448aafbeb0:   000000000000000c 00007ffdb055d577
0x000000448aafbec0:   0000000000000000 00000237a1c4fe30
0x000000448aafbed0:   00000237a423be40 0000000000000008
0x000000448aafbee0:   00000237a423be40 00000237a1ef0eb0
0x000000448aafbef0:   00000237a1d51c98 00000237a1ef0eb0
0x000000448aafbf00:   0000000200000001 00007ffdb055bd56
0x000000448aafbf10:   0000000000000000 00000237a423be40
0x000000448aafbf20:   0000023700000024 0000000000000024
0x000000448aafbf30:   0000000000000008 00000237a423be40
0x000000448aafbf40:   00000237a1d51c98 00000237a1ef0eb0
0x000000448aafbf50:   00000000000001bc 000000000000001a
0x000000448aafbf60:   0000000000000000 00007ffdb055c8fa
0x000000448aafbf70:   00000000000002e8 0000000000000010
0x000000448aafbf80:   0000000000000001 00007ffdb0abdafe
0x000000448aafbf90:   0000023759d95828 0000000000000004
0x000000448aafbfa0:   00000237a1ef0eb0 0000000000000046
0x000000448aafbfb0:   0000000000000000 0000000000000046
0x000000448aafbfc0:   0000000000000000 0000000000000002
0x000000448aafbfd0:   0000000000000000 00007ffdb055dddb
0x000000448aafbfe0:   00000000000002e8 00000237a1d51c98
0x000000448aafbff0:   0000004400000000 00000000000001bc
0x000000448aafc000:   000000049f388100 00007ffd00000046
0x000000448aafc010:   0000000000000046 00000000000003f3
0x000000448aafc020:   0000000000f832a5 00000237a1d52a01
0x000000448aafc030:   0000000000000000 0000000000f82ea0
0x000000448aafc040:   0000000000000001 00007ffdb055c132
0x000000448aafc050:   0000000000000000 0000000000000000
0x000000448aafc060:   0000000000000000 0000000000000000
0x000000448aafc070:   0000000000000080 0000000000000100
0x000000448aafc080:   00000237a1ef0f20 00000237a31bbc68
0x000000448aafc090:   00000237a433df38 00000237a433df38 

Instructions: (pc=0x00007ffdb055be45)
0x00007ffdb055bd45:   8b d7 48 8b 2c 01 49 8b cc 4c 8b c5 e8 ba 00 00
0x00007ffdb055bd55:   00 f6 45 31 04 74 6c 8b 45 18 85 c0 7e 65 45 33
0x00007ffdb055bd65:   f6 44 8b e8 0f 1f 80 00 00 00 00 48 8b 45 20 49
0x00007ffdb055bd75:   8b 34 06 80 7e 30 04 75 3b 8b 46 18 85 c0 7e 34
0x00007ffdb055bd85:   33 db 8b f8 0f 1f 80 00 00 00 00 4c 8b 46 20 4e
0x00007ffdb055bd95:   8b 04 03 41 f6 40 31 08 74 10 4c 3b c5 74 0b 49
0x00007ffdb055bda5:   8b d7 49 8b cc e8 61 00 00 00 48 83 c3 08 48 83
0x00007ffdb055bdb5:   ef 01 75 d7 49 83 c6 08 49 83 ed 01 75 ad 48 8b
0x00007ffdb055bdc5:   5c 24 70 48 8b 4c 24 68 48 83 c1 08 48 83 eb 01
0x00007ffdb055bdd5:   48 89 4c 24 68 48 89 5c 24 70 0f 85 5b ff ff ff
0x00007ffdb055bde5:   4c 8b 74 24 20 4c 8b 6c 24 28 48 8b 7c 24 30 48
0x00007ffdb055bdf5:   8b 74 24 38 48 8b 6c 24 40 48 8b 5c 24 60 48 83
0x00007ffdb055be05:   c4 48 41 5f 41 5c c3 cc cc cc cc 48 89 5c 24 08
0x00007ffdb055be15:   48 89 54 24 10 55 56 57 41 54 41 55 41 56 41 57
0x00007ffdb055be25:   48 83 ec 30 4d 8b e8 48 8b e9 48 63 4a 60 89 8c
0x00007ffdb055be35:   24 80 00 00 00 4c 8b c1 48 89 8c 24 88 00 00 00
0x00007ffdb055be45:   41 80 7d 30 02 0f 85 dc 00 00 00 41 8b 45 18 85
0x00007ffdb055be55:   c0 0f 8e ee 01 00 00 45 33 ff 44 8b e0 49 8b 45
0x00007ffdb055be65:   20 49 8b 1c 07 f6 c3 01 0f 84 a6 00 00 00 48 83
0x00007ffdb055be75:   e3 fe 48 3b da 0f 84 99 00 00 00 80 7b 64 00 0f
0x00007ffdb055be85:   84 8f 00 00 00 8b 43 60 3b c1 74 10 49 81 f8 ff
0x00007ffdb055be95:   6b ca 88 74 07 3d ff 6b ca 88 75 78 44 8b 73 44
0x00007ffdb055bea5:   41 8b fe c1 ef 05 3b 7d 30 72 0b 8b d7 48 8d 4d
0x00007ffdb055beb5:   30 e8 b5 1c 56 00 48 8b 45 38 41 83 e6 1f 48 8d
0x00007ffdb055bec5:   14 b8 41 0f b6 ce 41 b8 01 00 00 00 41 d3 e0 8b
0x00007ffdb055bed5:   0a 8b c1 41 0b c0 89 02 41 85 c8 75 23 8b 55 18
0x00007ffdb055bee5:   3b 55 1c 75 09 48 8d 4d 18 e8 ed 34 dd ff 48 63
0x00007ffdb055bef5:   4d 18 8d 41 01 89 45 18 48 8b 45 20 48 89 1c c8
0x00007ffdb055bf05:   4c 8b 84 24 88 00 00 00 48 8b 54 24 78 8b 8c 24
0x00007ffdb055bf15:   80 00 00 00 49 83 c7 08 49 83 ec 01 0f 85 3b ff
0x00007ffdb055bf25:   ff ff e9 1e 01 00 00 4c 3b ad c8 00 00 00 0f 84
0x00007ffdb055bf35:   11 01 00 00 4c 3b 6d 58 0f 84 07 01 00 00 41 8b 


Stack slot to memory mapping:

stack at sp + 0 slots: 0x00000237a423ee38 points into unknown readable memory: 0x0000000200000002 | 02 00 00 00 02 00 00 00
stack at sp + 1 slots: 0x00007ffdb055d577 jvm.dll
stack at sp + 2 slots: 0x000000000000000c is an unknown value
stack at sp + 3 slots: 0x00007ffdb055d577 jvm.dll
stack at sp + 4 slots: 0x0 is null
stack at sp + 5 slots: 0x00000237a1c4fe30 points into unknown readable memory: 0x00000237a1d55278 | 78 52 d5 a1 37 02 00 00
stack at sp + 6 slots: 0x00000237a423be40 points into unknown readable memory: 0x0000000200000001 | 01 00 00 00 02 00 00 00
stack at sp + 7 slots: 0x0000000000000008 is an unknown value


---------------  P R O C E S S  ---------------

Threads class SMR info:
_java_thread_list=0x00000237a2b10e90, length=24, elements={
0x00000237317518d0, 0x00000237562ef350, 0x00000237562efbc0, 0x00000237562f0830,
0x00000237562f11d0, 0x00000237562f1c60, 0x00000237562fd6d0, 0x00000237562fe070,
0x0000023759c31420, 0x0000023759c93ba0, 0x0000023759d18a10, 0x0000023759dabca0,
0x0000023759db30d0, 0x0000023759db3790, 0x0000023759ebec20, 0x0000023759ebf290,
0x000002379f6e2b40, 0x000002379fdde6e0, 0x000002379f771070, 0x00000237a0206010,
0x00000237a02066d0, 0x00000237a02085c0, 0x00000237a0209090, 0x00000237a0209f60
}

Java Threads: ( => current thread )
  0x00000237317518d0 JavaThread "main"                              [_thread_blocked, id=13256, stack(0x0000004488400000,0x0000004488500000) (1024K)]
  0x00000237562ef350 JavaThread "Reference Handler"          daemon [_thread_blocked, id=5236, stack(0x0000004488c00000,0x0000004488d00000) (1024K)]
  0x00000237562efbc0 JavaThread "Finalizer"                  daemon [_thread_blocked, id=31380, stack(0x0000004488d00000,0x0000004488e00000) (1024K)]
  0x00000237562f0830 JavaThread "Signal Dispatcher"          daemon [_thread_blocked, id=26236, stack(0x0000004488e00000,0x0000004488f00000) (1024K)]
  0x00000237562f11d0 JavaThread "Attach Listener"            daemon [_thread_blocked, id=30412, stack(0x0000004488f00000,0x0000004489000000) (1024K)]
  0x00000237562f1c60 JavaThread "Service Thread"             daemon [_thread_blocked, id=30908, stack(0x0000004489000000,0x0000004489100000) (1024K)]
  0x00000237562fd6d0 JavaThread "Monitor Deflation Thread"   daemon [_thread_blocked, id=25700, stack(0x0000004489100000,0x0000004489200000) (1024K)]
  0x00000237562fe070 JavaThread "C2 CompilerThread0"         daemon [_thread_blocked, id=16212, stack(0x0000004489200000,0x0000004489300000) (1024K)]
  0x0000023759c31420 JavaThread "C1 CompilerThread0"         daemon [_thread_blocked, id=21944, stack(0x0000004489300000,0x0000004489400000) (1024K)]
  0x0000023759c93ba0 JavaThread "C1 CompilerThread1"         daemon [_thread_blocked, id=31384, stack(0x0000004489400000,0x0000004489500000) (1024K)]
  0x0000023759d18a10 JavaThread "Common-Cleaner"             daemon [_thread_blocked, id=2184, stack(0x0000004489500000,0x0000004489600000) (1024K)]
  0x0000023759dabca0 JavaThread "C1 CompilerThread2"         daemon [_thread_blocked, id=10544, stack(0x0000004489600000,0x0000004489700000) (1024K)]
  0x0000023759db30d0 JavaThread "C2 CompilerThread1"         daemon [_thread_in_native, id=19900, stack(0x0000004489700000,0x0000004489800000) (1024K)]
  0x0000023759db3790 JavaThread "C2 CompilerThread2"         daemon [_thread_blocked, id=26812, stack(0x0000004489800000,0x0000004489900000) (1024K)]
  0x0000023759ebec20 JavaThread "Monitor Ctrl-Break"         daemon [_thread_in_native, id=29552, stack(0x0000004489900000,0x0000004489a00000) (1024K)]
  0x0000023759ebf290 JavaThread "Notification Thread"        daemon [_thread_blocked, id=13924, stack(0x0000004489a00000,0x0000004489b00000) (1024K)]
  0x000002379f6e2b40 JavaThread "C1 CompilerThread3"         daemon [_thread_blocked, id=25056, stack(0x0000004489b00000,0x0000004489c00000) (1024K)]
  0x000002379fdde6e0 JavaThread "Thread-0"                          [_thread_blocked, id=13328, stack(0x000000448a700000,0x000000448a800000) (1024K)]
  0x000002379f771070 JavaThread "restartedMain"                     [_thread_in_vm, id=29780, stack(0x000000448a800000,0x000000448a900000) (1024K)]
=>0x00000237a0206010 JavaThread "C2 CompilerThread3"         daemon [_thread_in_native, id=23840, stack(0x000000448aa00000,0x000000448ab00000) (1024K)]
  0x00000237a02066d0 JavaThread "C2 CompilerThread4"         daemon [_thread_in_native, id=18716, stack(0x000000448ab00000,0x000000448ac00000) (1024K)]
  0x00000237a02085c0 JavaThread "C2 CompilerThread5"         daemon [_thread_blocked, id=5336, stack(0x000000448ac00000,0x000000448ad00000) (1024K)]
  0x00000237a0209090 JavaThread "C2 CompilerThread6"         daemon [_thread_in_native, id=25168, stack(0x000000448ad00000,0x000000448ae00000) (1024K)]
  0x00000237a0209f60 JavaThread "C1 CompilerThread4"         daemon [_thread_blocked, id=16024, stack(0x000000448ae00000,0x000000448af00000) (1024K)]
Total: 24

Other Threads:
  0x00000237562d3290 VMThread "VM Thread"                           [id=4032, stack(0x0000004488b00000,0x0000004488c00000) (1024K)]
  0x00000237562beac0 WatcherThread "VM Periodic Task Thread"        [id=17700, stack(0x0000004488a00000,0x0000004488b00000) (1024K)]
  0x0000023733b3c4c0 WorkerThread "GC Thread#0"                     [id=27188, stack(0x0000004488500000,0x0000004488600000) (1024K)]
  0x000002379f752120 WorkerThread "GC Thread#1"                     [id=30352, stack(0x0000004489c00000,0x0000004489d00000) (1024K)]
  0x000002379fe01890 WorkerThread "GC Thread#2"                     [id=6340, stack(0x0000004489d00000,0x0000004489e00000) (1024K)]
  0x000002379f786a10 WorkerThread "GC Thread#3"                     [id=21016, stack(0x0000004489e00000,0x0000004489f00000) (1024K)]
  0x000002379f786dc0 WorkerThread "GC Thread#4"                     [id=22720, stack(0x0000004489f00000,0x000000448a000000) (1024K)]
  0x000002379fac28c0 WorkerThread "GC Thread#5"                     [id=24040, stack(0x000000448a000000,0x000000448a100000) (1024K)]
  0x000002379f787170 WorkerThread "GC Thread#6"                     [id=25132, stack(0x000000448a100000,0x000000448a200000) (1024K)]
  0x000002379f787520 WorkerThread "GC Thread#7"                     [id=9204, stack(0x000000448a200000,0x000000448a300000) (1024K)]
  0x000002379f7878d0 WorkerThread "GC Thread#8"                     [id=26124, stack(0x000000448a300000,0x000000448a400000) (1024K)]
  0x000002379f787c80 WorkerThread "GC Thread#9"                     [id=26948, stack(0x000000448a400000,0x000000448a500000) (1024K)]
  0x000002379fda2800 WorkerThread "GC Thread#10"                    [id=27160, stack(0x000000448a500000,0x000000448a600000) (1024K)]
  0x000002379fbd20d0 WorkerThread "GC Thread#11"                    [id=1828, stack(0x000000448a600000,0x000000448a700000) (1024K)]
  0x000002379fbd1970 WorkerThread "GC Thread#12"                    [id=27440, stack(0x000000448b000000,0x000000448b100000) (1024K)]
  0x000002379fbd0ab0 WorkerThread "GC Thread#13"                    [id=25532, stack(0x000000448b100000,0x000000448b200000) (1024K)]
  0x00000237a22d5b90 WorkerThread "GC Thread#14"                    [id=26268, stack(0x000000448b200000,0x000000448b300000) (1024K)]
  0x00000237a22d3e10 WorkerThread "GC Thread#15"                    [id=31108, stack(0x000000448a900000,0x000000448aa00000) (1024K)]
  0x00000237a22d62f0 WorkerThread "GC Thread#16"                    [id=14148, stack(0x000000448af00000,0x000000448b000000) (1024K)]
  0x00000237a22d6a50 WorkerThread "GC Thread#17"                    [id=19372, stack(0x000000448b800000,0x000000448b900000) (1024K)]
  0x00000237a22d4570 WorkerThread "GC Thread#18"                    [id=2204, stack(0x000000448b900000,0x000000448ba00000) (1024K)]
  0x00000237a22d6e00 WorkerThread "GC Thread#19"                    [id=23704, stack(0x000000448ba00000,0x000000448bb00000) (1024K)]
  0x00000237a1216c50 WorkerThread "GC Thread#20"                    [id=24052, stack(0x000000448bb00000,0x000000448bc00000) (1024K)]
  0x0000023733b4e220 ConcurrentGCThread "G1 Main Marker"            [id=6476, stack(0x0000004488600000,0x0000004488700000) (1024K)]
  0x0000023733b4edf0 WorkerThread "G1 Conc#0"                       [id=26672, stack(0x0000004488700000,0x0000004488800000) (1024K)]
  0x00000237a22d5080 WorkerThread "G1 Conc#1"                       [id=12828, stack(0x000000448b300000,0x000000448b400000) (1024K)]
  0x00000237a22d5430 WorkerThread "G1 Conc#2"                       [id=25084, stack(0x000000448b400000,0x000000448b500000) (1024K)]
  0x00000237a22d66a0 WorkerThread "G1 Conc#3"                       [id=25264, stack(0x000000448b500000,0x000000448b600000) (1024K)]
  0x00000237a22d71b0 WorkerThread "G1 Conc#4"                       [id=3436, stack(0x000000448b600000,0x000000448b700000) (1024K)]
  0x00000237a22d7560 WorkerThread "G1 Conc#5"                       [id=6748, stack(0x000000448b700000,0x000000448b800000) (1024K)]
  0x0000023756213dc0 ConcurrentGCThread "G1 Refine#0"               [id=25128, stack(0x0000004488800000,0x0000004488900000) (1024K)]
  0x0000023756214300 ConcurrentGCThread "G1 Service"                [id=19804, stack(0x0000004488900000,0x0000004488a00000) (1024K)]
Total: 32

Threads with active compile tasks:
C2 CompilerThread1  1665 4048   !   4       java.util.concurrent.ConcurrentHashMap::computeIfAbsent (576 bytes)
C2 CompilerThread3  1665 4013       4       org.springframework.core.ResolvableType::forType (112 bytes)
C2 CompilerThread4  1665 4051       4       org.springframework.util.ConcurrentReferenceHashMap::purgeUnreferencedEntries (33 bytes)
C2 CompilerThread6  1665 4049       4       org.springframework.beans.factory.support.AbstractBeanFactory::isFactoryBean (71 bytes)
Total: 4

VM state: not at safepoint (normal execution)

VM Mutex/Monitor currently owned by a thread: None

Heap address: 0x0000000604c00000, size: 8116 MB, Compressed Oops mode: Zero based, Oop shift amount: 3

CDS archive(s) mapped at: [0x000002375a000000-0x000002375ac50000-0x000002375ac50000), size 12910592, SharedBaseAddress: 0x000002375a000000, ArchiveRelocationMode: 1.
Compressed class space mapped at: 0x000002375b000000-0x000002379b000000, reserved size: 1073741824
Narrow klass base: 0x000002375a000000, Narrow klass shift: 0, Narrow klass range: 0x41000000

GC Precious Log:
 CardTable entry size: 512
 Card Set container configuration: InlinePtr #cards 4 size 8 Array Of Cards #cards 32 size 80 Howl #buckets 8 coarsen threshold 7372 Howl Bitmap #cards 1024 size 144 coarsen threshold 921 Card regions per heap region 1 cards per card region 8192
 CPUs: 32 total, 32 available
 Memory: 32456M
 Large Page Support: Disabled
 NUMA Support: Disabled
 Compressed Oops: Enabled (Zero based)
 Heap Region Size: 4M
 Heap Min Capacity: 8M
 Heap Initial Capacity: 508M
 Heap Max Capacity: 8116M
 Pre-touch: Disabled
 Parallel Workers: 23
 Concurrent Workers: 6
 Concurrent Refinement Workers: 23
 Periodic GC: Disabled

Heap:
 garbage-first heap   total reserved 8310784K, committed 86016K, used 17600K [0x0000000604c00000, 0x0000000800000000)
  region size 4096K, 4 young (16384K), 3 survivors (12288K)
 Metaspace       used 28436K, committed 28864K, reserved 1114112K
  class space    used 3691K, committed 3904K, reserved 1048576K

Heap Regions: E=young(eden), S=young(survivor), O=old, HS=humongous(starts), HC=humongous(continues), CS=collection set, F=free, TAMS=top-at-mark-start, PB=parsable bottom
|   0|0x0000000604c00000, 0x0000000605000000, 0x0000000605000000|100%| O|  |TAMS 0x0000000604c00000| PB 0x0000000604c00000| Untracked |  0
|   1|0x0000000605000000, 0x000000060539ae18, 0x0000000605400000| 90%| O|  |TAMS 0x0000000605000000| PB 0x0000000605000000| Untracked |  0
|   2|0x0000000605400000, 0x0000000605400000, 0x0000000605800000|  0%| F|  |TAMS 0x0000000605400000| PB 0x0000000605400000| Untracked |  0
|   3|0x0000000605800000, 0x0000000605800000, 0x0000000605c00000|  0%| F|  |TAMS 0x0000000605800000| PB 0x0000000605800000| Untracked |  0
|   4|0x0000000605c00000, 0x0000000605c00000, 0x0000000606000000|  0%| F|  |TAMS 0x0000000605c00000| PB 0x0000000605c00000| Untracked |  0
|   5|0x0000000606000000, 0x0000000606000000, 0x0000000606400000|  0%| F|  |TAMS 0x0000000606000000| PB 0x0000000606000000| Untracked |  0
|   6|0x0000000606400000, 0x0000000606400000, 0x0000000606800000|  0%| F|  |TAMS 0x0000000606400000| PB 0x0000000606400000| Untracked |  0
|   7|0x0000000606800000, 0x0000000606800000, 0x0000000606c00000|  0%| F|  |TAMS 0x0000000606800000| PB 0x0000000606800000| Untracked |  0
|   8|0x0000000606c00000, 0x0000000606c00000, 0x0000000607000000|  0%| F|  |TAMS 0x0000000606c00000| PB 0x0000000606c00000| Untracked |  0
|   9|0x0000000607000000, 0x0000000607000000, 0x0000000607400000|  0%| F|  |TAMS 0x0000000607000000| PB 0x0000000607000000| Untracked |  0
|  10|0x0000000607400000, 0x0000000607400000, 0x0000000607800000|  0%| F|  |TAMS 0x0000000607400000| PB 0x0000000607400000| Untracked |  0
|  11|0x0000000607800000, 0x0000000607800000, 0x0000000607c00000|  0%| F|  |TAMS 0x0000000607800000| PB 0x0000000607800000| Untracked |  0
|  12|0x0000000607c00000, 0x0000000607c00000, 0x0000000608000000|  0%| F|  |TAMS 0x0000000607c00000| PB 0x0000000607c00000| Untracked |  0
|  13|0x0000000608000000, 0x0000000608400000, 0x0000000608400000|100%| S|CS|TAMS 0x0000000608000000| PB 0x0000000608000000| Complete |  0
|  14|0x0000000608400000, 0x0000000608800000, 0x0000000608800000|100%| S|CS|TAMS 0x0000000608400000| PB 0x0000000608400000| Complete |  0
|  15|0x0000000608800000, 0x000000060898bbf8, 0x0000000608c00000| 38%| S|CS|TAMS 0x0000000608800000| PB 0x0000000608800000| Complete |  0
| 112|0x0000000620c00000, 0x0000000620c00000, 0x0000000621000000|  0%| F|  |TAMS 0x0000000620c00000| PB 0x0000000620c00000| Untracked |  0
| 113|0x0000000621000000, 0x0000000621000000, 0x0000000621400000|  0%| F|  |TAMS 0x0000000621000000| PB 0x0000000621000000| Untracked |  0
| 114|0x0000000621400000, 0x0000000621400000, 0x0000000621800000|  0%| F|  |TAMS 0x0000000621400000| PB 0x0000000621400000| Untracked |  0
| 126|0x0000000624400000, 0x0000000624800000, 0x0000000624800000|100%| E|  |TAMS 0x0000000624400000| PB 0x0000000624400000| Complete |  0
|2028|0x00000007ffc00000, 0x00000007ffc09600, 0x0000000800000000|  0%| O|  |TAMS 0x00000007ffc00000| PB 0x00000007ffc00000| Untracked |  0

Card table byte_map: [0x000002374d100000,0x000002374e0e0000] _byte_map_base: 0x000002374a0da000

Marking Bits: (CMBitMap*) 0x0000023733b3cae0
 Bits: [0x000002374e0e0000, 0x0000023755fb0000)

Polling page: 0x0000023731a50000

Metaspace:

Usage:
  Non-class:     24.17 MB used.
      Class:      3.61 MB used.
       Both:     27.77 MB used.

Virtual space:
  Non-class space:       64.00 MB reserved,      24.38 MB ( 38%) committed,  1 nodes.
      Class space:        1.00 GB reserved,       3.81 MB ( <1%) committed,  1 nodes.
             Both:        1.06 GB reserved,      28.19 MB (  3%) committed. 

Chunk freelists:
   Non-Class:  6.84 MB
       Class:  12.23 MB
        Both:  19.08 MB

MaxMetaspaceSize: unlimited
CompressedClassSpaceSize: 1.00 GB
Initial GC threshold: 21.00 MB
Current GC threshold: 35.31 MB
CDS: on
 - commit_granule_bytes: 65536.
 - commit_granule_words: 8192.
 - virtual_space_node_default_size: 8388608.
 - enlarge_chunks_in_place: 1.
 - use_allocation_guard: 0.


Internal statistics:

num_allocs_failed_limit: 3.
num_arena_births: 344.
num_arena_deaths: 0.
num_vsnodes_births: 2.
num_vsnodes_deaths: 0.
num_space_committed: 451.
num_space_uncommitted: 0.
num_chunks_returned_to_freelist: 3.
num_chunks_taken_from_freelist: 1280.
num_chunk_merges: 3.
num_chunk_splits: 889.
num_chunks_enlarged: 663.
num_inconsistent_stats: 0.

CodeHeap 'non-profiled nmethods': size=118848Kb used=2029Kb max_used=2029Kb free=116818Kb
 bounds [0x00000237439f0000, 0x0000023743c60000, 0x000002374ae00000]
CodeHeap 'profiled nmethods': size=118848Kb used=8426Kb max_used=8426Kb free=110421Kb
 bounds [0x000002373be00000, 0x000002373c640000, 0x0000023743210000]
CodeHeap 'non-nmethods': size=8064Kb used=3729Kb max_used=3836Kb free=4334Kb
 bounds [0x0000023743210000, 0x00000237435e0000, 0x00000237439f0000]
 total_blobs=4605 nmethods=4048 adapters=457
 compilation: enabled
              stopped_count=0, restarted_count=0
 full_count=0

Compilation events (20 events):
Event: 1.615 Thread 0x0000023759db30d0 4030       4       java.util.RegularEnumSet::add (9 bytes)
Event: 1.615 Thread 0x00000237a02085c0 4031       4       org.springframework.core.ResolvableType$1::getGenerics (4 bytes)
Event: 1.615 Thread 0x00000237a02085c0 nmethod 4031 0x0000023743be8410 code [0x0000023743be8580, 0x0000023743be8610]
Event: 1.615 Thread 0x0000023759db30d0 nmethod 4030 0x0000023743be8710 code [0x0000023743be88a0, 0x0000023743be89e0]
Event: 1.615 Thread 0x0000023759dabca0 4032   !   3       org.springframework.beans.factory.support.DefaultListableBeanFactory::doGetBeanNamesForType (505 bytes)
Event: 1.616 Thread 0x0000023759c93ba0 4033       3       org.springframework.boot.autoconfigure.condition.OnClassCondition::getCandidates (64 bytes)
Event: 1.616 Thread 0x0000023759c93ba0 nmethod 4033 0x000002373c626510 code [0x000002373c6267a0, 0x000002373c627748]
Event: 1.616 Thread 0x00000237a0209f60 4034       3       java.util.ArrayList::hashCode (22 bytes)
Event: 1.617 Thread 0x00000237a0209f60 nmethod 4034 0x000002373c627b90 code [0x000002373c627d60, 0x000002373c6280b8]
Event: 1.618 Thread 0x0000023759dabca0 nmethod 4032 0x000002373c628210 code [0x000002373c628a40, 0x000002373c62ee98]
Event: 1.623 Thread 0x00000237a02066d0 4036   !   4       jdk.internal.ref.PhantomCleanable::remove (60 bytes)
Event: 1.625 Thread 0x00000237a02066d0 nmethod 4036 0x0000023743be9110 code [0x0000023743be92c0, 0x0000023743be9848]
Event: 1.627 Thread 0x0000023759c93ba0 4037       3       org.springframework.boot.autoconfigure.condition.FilteringSpringBootCondition::filter (82 bytes)
Event: 1.627 Thread 0x0000023759c93ba0 nmethod 4037 0x000002373c631290 code [0x000002373c631520, 0x000002373c632330]
Event: 1.628 Thread 0x00000237a02066d0 4038       4       org.springframework.core.ResolvableType::resolveClass (74 bytes)
Event: 1.628 Thread 0x0000023759dabca0 4039       3       java.lang.invoke.BoundMethodHandle$Species_L::speciesData (4 bytes)
Event: 1.628 Thread 0x000002379f6e2b40 4040       3       java.lang.invoke.ClassSpecializer$SpeciesData::transformHelper (56 bytes)
Event: 1.628 Thread 0x0000023759dabca0 nmethod 4039 0x000002373c632810 code [0x000002373c6329a0, 0x000002373c632ab8]
Event: 1.628 Thread 0x0000023759db3790 4041       4       java.util.ImmutableCollections$ListN::size (6 bytes)
Event: 1.628 Thread 0x000002379f6e2b40 nmethod 4040 0x000002373c632b90 code [0x000002373c632dc0, 0x000002373c633598]

GC Heap History (8 events):
Event: 0.317 GC heap before
{Heap before GC invocations=0 (full 0):
 garbage-first heap   total reserved 8310784K, committed 520192K, used 24576K [0x0000000604c00000, 0x0000000800000000)
  region size 4096K, 6 young (24576K), 0 survivors (0K)
 Metaspace       used 5068K, committed 5376K, reserved 1114112K
  class space    used 562K, committed 704K, reserved 1048576K
}
Event: 0.320 GC heap after
{Heap after GC invocations=1 (full 0):
 garbage-first heap   total reserved 8310784K, committed 520192K, used 7747K [0x0000000604c00000, 0x0000000800000000)
  region size 4096K, 1 young (4096K), 1 survivors (4096K)
 Metaspace       used 5068K, committed 5376K, reserved 1114112K
  class space    used 562K, committed 704K, reserved 1048576K
}
Event: 0.587 GC heap before
{Heap before GC invocations=1 (full 0):
 garbage-first heap   total reserved 8310784K, committed 520192K, used 24131K [0x0000000604c00000, 0x0000000800000000)
  region size 4096K, 6 young (24576K), 1 survivors (4096K)
 Metaspace       used 10199K, committed 10496K, reserved 1114112K
  class space    used 1252K, committed 1408K, reserved 1048576K
}
Event: 0.590 GC heap after
{Heap after GC invocations=2 (full 0):
 garbage-first heap   total reserved 8310784K, committed 520192K, used 9764K [0x0000000604c00000, 0x0000000800000000)
  region size 4096K, 1 young (4096K), 1 survivors (4096K)
 Metaspace       used 10199K, committed 10496K, reserved 1114112K
  class space    used 1252K, committed 1408K, reserved 1048576K
}
Event: 0.946 GC heap before
{Heap before GC invocations=2 (full 0):
 garbage-first heap   total reserved 8310784K, committed 520192K, used 54820K [0x0000000604c00000, 0x0000000800000000)
  region size 4096K, 13 young (53248K), 1 survivors (4096K)
 Metaspace       used 21303K, committed 21504K, reserved 1114112K
  class space    used 2653K, committed 2752K, reserved 1048576K
}
Event: 0.949 GC heap after
{Heap after GC invocations=3 (full 0):
 garbage-first heap   total reserved 8310784K, committed 520192K, used 14550K [0x0000000604c00000, 0x0000000800000000)
  region size 4096K, 2 young (8192K), 2 survivors (8192K)
 Metaspace       used 21303K, committed 21504K, reserved 1114112K
  class space    used 2653K, committed 2752K, reserved 1048576K
}
Event: 1.618 GC heap before
{Heap before GC invocations=4 (full 0):
 garbage-first heap   total reserved 8310784K, committed 69632K, used 63702K [0x0000000604c00000, 0x0000000800000000)
  region size 4096K, 14 young (57344K), 2 survivors (8192K)
 Metaspace       used 28311K, committed 28672K, reserved 1114112K
  class space    used 3671K, committed 3840K, reserved 1048576K
}
Event: 1.622 GC heap after
{Heap after GC invocations=5 (full 0):
 garbage-first heap   total reserved 8310784K, committed 86016K, used 17600K [0x0000000604c00000, 0x0000000800000000)
  region size 4096K, 3 young (12288K), 3 survivors (12288K)
 Metaspace       used 28311K, committed 28672K, reserved 1114112K
  class space    used 3671K, committed 3840K, reserved 1048576K
}

Dll operation events (14 events):
Event: 0.004 Loaded shared library C:\Users\giacc\.jdks\openjdk-22.0.1\bin\java.dll
Event: 0.021 Loaded shared library C:\Users\giacc\.jdks\openjdk-22.0.1\bin\jsvml.dll
Event: 0.064 Loaded shared library C:\Users\giacc\.jdks\openjdk-22.0.1\bin\zip.dll
Event: 0.065 Loaded shared library C:\Users\giacc\.jdks\openjdk-22.0.1\bin\instrument.dll
Event: 0.067 Loaded shared library C:\Users\giacc\.jdks\openjdk-22.0.1\bin\net.dll
Event: 0.068 Loaded shared library C:\Users\giacc\.jdks\openjdk-22.0.1\bin\nio.dll
Event: 0.070 Loaded shared library C:\Users\giacc\.jdks\openjdk-22.0.1\bin\zip.dll
Event: 0.118 Loaded shared library C:\Program Files\JetBrains\IntelliJ IDEA Community Edition 2024.1\bin\breakgen64.dll
Event: 0.122 Loaded shared library C:\Users\giacc\.jdks\openjdk-22.0.1\bin\extnet.dll
Event: 0.138 Loaded shared library C:\Users\giacc\.jdks\openjdk-22.0.1\bin\jimage.dll
Event: 0.299 Loaded shared library C:\Users\giacc\.jdks\openjdk-22.0.1\bin\management.dll
Event: 0.300 Loaded shared library C:\Users\giacc\.jdks\openjdk-22.0.1\bin\management_ext.dll
Event: 0.579 Loaded shared library C:\Users\giacc\.jdks\openjdk-22.0.1\bin\le.dll
Event: 1.085 Loaded shared library C:\Users\giacc\.jdks\openjdk-22.0.1\bin\sunmscapi.dll

Deoptimization events (20 events):
Event: 1.274 Thread 0x000002379f771070 Uncommon trap: trap_request=0xffffffde fr.pc=0x0000023743b9070c relative=0x000000000000122c
Event: 1.274 Thread 0x000002379f771070 Uncommon trap: reason=class_check action=maybe_recompile pc=0x0000023743b9070c method=org.springframework.core.annotation.MergedAnnotationsCollection$AnnotationsSpliterator.tryAdvance(Ljava/util/function/Consumer;)Z @ 107 c2
Event: 1.274 Thread 0x000002379f771070 DEOPT PACKING pc=0x0000023743b9070c sp=0x000000448a8fe680
Event: 1.274 Thread 0x000002379f771070 DEOPT UNPACKING pc=0x00000237432646a2 sp=0x000000448a8fe698 mode 2
Event: 1.276 Thread 0x000002379f771070 Uncommon trap: trap_request=0xffffffde fr.pc=0x0000023743b9070c relative=0x000000000000122c
Event: 1.276 Thread 0x000002379f771070 Uncommon trap: reason=class_check action=maybe_recompile pc=0x0000023743b9070c method=org.springframework.core.annotation.MergedAnnotationsCollection$AnnotationsSpliterator.tryAdvance(Ljava/util/function/Consumer;)Z @ 107 c2
Event: 1.276 Thread 0x000002379f771070 DEOPT PACKING pc=0x0000023743b9070c sp=0x000000448a8fe700
Event: 1.276 Thread 0x000002379f771070 DEOPT UNPACKING pc=0x00000237432646a2 sp=0x000000448a8fe718 mode 2
Event: 1.277 Thread 0x000002379f771070 Uncommon trap: trap_request=0xffffffde fr.pc=0x0000023743b9070c relative=0x000000000000122c
Event: 1.277 Thread 0x000002379f771070 Uncommon trap: reason=class_check action=maybe_recompile pc=0x0000023743b9070c method=org.springframework.core.annotation.MergedAnnotationsCollection$AnnotationsSpliterator.tryAdvance(Ljava/util/function/Consumer;)Z @ 107 c2
Event: 1.277 Thread 0x000002379f771070 DEOPT PACKING pc=0x0000023743b9070c sp=0x000000448a8fe700
Event: 1.277 Thread 0x000002379f771070 DEOPT UNPACKING pc=0x00000237432646a2 sp=0x000000448a8fe718 mode 2
Event: 1.292 Thread 0x000002379f771070 Uncommon trap: trap_request=0xffffffcc fr.pc=0x0000023743b9897c relative=0x000000000000033c
Event: 1.292 Thread 0x000002379f771070 Uncommon trap: reason=intrinsic_or_type_checked_inlining action=make_not_entrant pc=0x0000023743b9897c method=java.util.Arrays.copyOf([Ljava/lang/Object;ILjava/lang/Class;)[Ljava/lang/Object; @ 35 c2
Event: 1.292 Thread 0x000002379f771070 DEOPT PACKING pc=0x0000023743b9897c sp=0x000000448a8fdff0
Event: 1.292 Thread 0x000002379f771070 DEOPT UNPACKING pc=0x00000237432646a2 sp=0x000000448a8fdf80 mode 2
Event: 1.458 Thread 0x000002379f771070 Uncommon trap: trap_request=0xffffff45 fr.pc=0x0000023743ba19e4 relative=0x0000000000000264
Event: 1.458 Thread 0x000002379f771070 Uncommon trap: reason=unstable_if action=reinterpret pc=0x0000023743ba19e4 method=org.springframework.beans.factory.support.AbstractBeanFactory.getMergedLocalBeanDefinition(Ljava/lang/String;)Lorg/springframework/beans/factory/support/RootBeanDefinition; 
Event: 1.458 Thread 0x000002379f771070 DEOPT PACKING pc=0x0000023743ba19e4 sp=0x000000448a8fe370
Event: 1.458 Thread 0x000002379f771070 DEOPT UNPACKING pc=0x00000237432646a2 sp=0x000000448a8fe318 mode 2

Classes loaded (20 events):
Event: 1.150 Loading class java/beans/PropertyVetoException
Event: 1.150 Loading class java/beans/PropertyVetoException done
Event: 1.405 Loading class java/lang/UnsupportedClassVersionError
Event: 1.405 Loading class java/lang/ClassFormatError
Event: 1.405 Loading class java/lang/ClassFormatError done
Event: 1.405 Loading class java/lang/UnsupportedClassVersionError done
Event: 1.460 Loading class java/util/Collections$UnmodifiableMap$UnmodifiableEntrySet$1
Event: 1.460 Loading class java/util/Collections$UnmodifiableMap$UnmodifiableEntrySet$1 done
Event: 1.488 Loading class java/util/stream/Streams$ConcatSpliterator$OfRef
Event: 1.488 Loading class java/util/stream/Streams$ConcatSpliterator
Event: 1.488 Loading class java/util/stream/Streams$ConcatSpliterator done
Event: 1.488 Loading class java/util/stream/Streams$ConcatSpliterator$OfRef done
Event: 1.488 Loading class java/util/stream/Streams$2
Event: 1.488 Loading class java/util/stream/Streams$2 done
Event: 1.523 Loading class java/util/concurrent/Flow$Publisher
Event: 1.523 Loading class java/util/concurrent/Flow$Publisher done
Event: 1.580 Loading class java/util/stream/ReferencePipeline$15
Event: 1.580 Loading class java/util/stream/ReferencePipeline$15 done
Event: 1.580 Loading class java/util/stream/ReferencePipeline$15$1
Event: 1.580 Loading class java/util/stream/ReferencePipeline$15$1 done

Classes unloaded (0 events):
No events

Classes redefined (0 events):
No events

Internal exceptions (20 events):
Event: 0.567 Thread 0x000002379f771070 Exception <a 'java/lang/NoSuchMethodError'{0x0000000623674bc8}: 'java.lang.Object java.lang.invoke.DirectMethodHandle$Holder.invokeStaticInit(java.lang.Object, int)'> (0x0000000623674bc8) 
thrown [s\open\src\hotspot\share\interpreter\linkResolver.cpp, line 774]
Event: 0.569 Thread 0x000002379f771070 Exception <a 'java/lang/NoSuchMethodError'{0x00000006236a8638}: 'java.lang.Object java.lang.invoke.DirectMethodHandle$Holder.invokeStatic(java.lang.Object, int, java.lang.Object)'> (0x00000006236a8638) 
thrown [s\open\src\hotspot\share\interpreter\linkResolver.cpp, line 774]
Event: 0.569 Thread 0x000002379f771070 Exception <a 'java/lang/NoSuchMethodError'{0x00000006236abcb8}: 'java.lang.Object java.lang.invoke.DirectMethodHandle$Holder.invokeStaticInit(java.lang.Object, int, java.lang.Object)'> (0x00000006236abcb8) 
thrown [s\open\src\hotspot\share\interpreter\linkResolver.cpp, line 774]
Event: 0.576 Thread 0x000002379f771070 Exception <a 'sun/nio/fs/WindowsException'{0x0000000623717dd0}> (0x0000000623717dd0) 
thrown [s\open\src\hotspot\share\prims\jni.cpp, line 520]
Event: 0.581 Thread 0x000002379f771070 Exception <a 'jdk/internal/org/jline/terminal/impl/jna/LastErrorException'{0x0000000623789008}> (0x0000000623789008) 
thrown [s\open\src\hotspot\share\prims\jni.cpp, line 520]
Event: 0.581 Thread 0x000002379f771070 Exception <a 'jdk/internal/org/jline/terminal/impl/jna/LastErrorException'{0x00000006237896c8}> (0x00000006237896c8) 
thrown [s\open\src\hotspot\share\prims\jni.cpp, line 520]
Event: 0.581 Thread 0x000002379f771070 Exception <a 'jdk/internal/org/jline/terminal/impl/jna/LastErrorException'{0x0000000623789d38}> (0x0000000623789d38) 
thrown [s\open\src\hotspot\share\prims\jni.cpp, line 520]
Event: 0.754 Thread 0x000002379f771070 Exception <a 'java/lang/NoSuchMethodError'{0x0000000622d376b8}: 'int java.lang.invoke.DirectMethodHandle$Holder.invokeSpecial(java.lang.Object, java.lang.Object, java.lang.Object, java.lang.Object, java.lang.Object)'> (0x0000000622d376b8) 
thrown [s\open\src\hotspot\share\interpreter\linkResolver.cpp, line 774]
Event: 0.756 Thread 0x000002379f771070 Exception <a 'java/lang/NoSuchMethodError'{0x0000000622d3fb40}: 'void java.lang.invoke.DirectMethodHandle$Holder.invokeVirtual(java.lang.Object, java.lang.Object)'> (0x0000000622d3fb40) 
thrown [s\open\src\hotspot\share\interpreter\linkResolver.cpp, line 774]
Event: 0.966 Thread 0x00000237a013f260 Exception <a 'java/lang/NoSuchMethodError'{0x000000062462c690}: 'long java.lang.invoke.DirectMethodHandle$Holder.invokeSpecial(java.lang.Object, java.lang.Object)'> (0x000000062462c690) 
thrown [s\open\src\hotspot\share\interpreter\linkResolver.cpp, line 774]
Event: 0.967 Thread 0x00000237a013f260 Exception <a 'java/lang/NoSuchMethodError'{0x0000000624636288}: 'long java.lang.invoke.DirectMethodHandle$Holder.invokeStatic(java.lang.Object, java.lang.Object)'> (0x0000000624636288) 
thrown [s\open\src\hotspot\share\interpreter\linkResolver.cpp, line 774]
Event: 0.967 Thread 0x00000237a013f260 Exception <a 'java/lang/NoSuchMethodError'{0x0000000624639370}: 'long java.lang.invoke.DirectMethodHandle$Holder.invokeStaticInit(java.lang.Object, java.lang.Object)'> (0x0000000624639370) 
thrown [s\open\src\hotspot\share\interpreter\linkResolver.cpp, line 774]
Event: 0.968 Thread 0x00000237a013f260 Exception <a 'java/lang/NoSuchMethodError'{0x0000000624645568}: 'long java.lang.invoke.DirectMethodHandle$Holder.invokeInterface(java.lang.Object, java.lang.Object)'> (0x0000000624645568) 
thrown [s\open\src\hotspot\share\interpreter\linkResolver.cpp, line 774]
Event: 0.968 Thread 0x00000237a013f260 Exception <a 'java/lang/IncompatibleClassChangeError'{0x0000000624648578}: Found class java.lang.Object, but interface was expected> (0x0000000624648578) 
thrown [s\open\src\hotspot\share\interpreter\linkResolver.cpp, line 841]
Event: 0.970 Thread 0x00000237a013f260 Exception <a 'java/lang/NoSuchMethodError'{0x00000006246fc328}: 'java.lang.Object java.lang.invoke.DirectMethodHandle$Holder.invokeVirtual(java.lang.Object, java.lang.Object, java.lang.Object, java.lang.Object)'> (0x00000006246fc328) 
thrown [s\open\src\hotspot\share\interpreter\linkResolver.cpp, line 774]
Event: 0.978 Thread 0x000002379f771070 Exception <a 'java/lang/IncompatibleClassChangeError'{0x00000006247ca5d8}: Found class java.lang.Object, but interface was expected> (0x00000006247ca5d8) 
thrown [s\open\src\hotspot\share\interpreter\linkResolver.cpp, line 841]
Event: 1.522 Thread 0x000002379f771070 Exception <a 'java/lang/NoSuchMethodError'{0x0000000605b4b6a8}: 'int java.lang.invoke.DirectMethodHandle$Holder.invokeStatic(java.lang.Object)'> (0x0000000605b4b6a8) 
thrown [s\open\src\hotspot\share\interpreter\linkResolver.cpp, line 774]
Event: 1.522 Thread 0x000002379f771070 Exception <a 'java/lang/NoSuchMethodError'{0x0000000605b4ed60}: 'int java.lang.invoke.DirectMethodHandle$Holder.invokeStaticInit(java.lang.Object)'> (0x0000000605b4ed60) 
thrown [s\open\src\hotspot\share\interpreter\linkResolver.cpp, line 774]
Event: 1.522 Thread 0x000002379f771070 Exception <a 'java/lang/NoSuchMethodError'{0x0000000605b53e00}: 'int java.lang.invoke.DirectMethodHandle$Holder.invokeVirtual(java.lang.Object, java.lang.Object, java.lang.Object)'> (0x0000000605b53e00) 
thrown [s\open\src\hotspot\share\interpreter\linkResolver.cpp, line 774]
Event: 1.563 Thread 0x000002379f771070 Exception <a 'java/lang/NoSuchMethodError'{0x0000000605574b18}: 'java.lang.Object java.lang.invoke.DirectMethodHandle$Holder.invokeSpecialIFC(java.lang.Object, java.lang.Object, java.lang.Object)'> (0x0000000605574b18) 
thrown [s\open\src\hotspot\share\interpreter\linkResolver.cpp, line 774]

ZGC Phase Switch (0 events):
No events

VM Operations (20 events):
Event: 1.038 Executing VM operation: HandshakeAllThreads (Deoptimize)
Event: 1.055 Executing VM operation: HandshakeAllThreads (Deoptimize) done
Event: 1.113 Executing VM operation: ICBufferFull
Event: 1.114 Executing VM operation: ICBufferFull done
Event: 1.287 Executing VM operation: ICBufferFull
Event: 1.287 Executing VM operation: ICBufferFull done
Event: 1.457 Executing VM operation: HandshakeAllThreads (Deoptimize)
Event: 1.457 Executing VM operation: HandshakeAllThreads (Deoptimize) done
Event: 1.457 Executing VM operation: HandshakeAllThreads (Deoptimize)
Event: 1.457 Executing VM operation: HandshakeAllThreads (Deoptimize) done
Event: 1.461 Executing VM operation: HandshakeAllThreads (Deoptimize)
Event: 1.461 Executing VM operation: HandshakeAllThreads (Deoptimize) done
Event: 1.461 Executing VM operation: HandshakeAllThreads (Deoptimize)
Event: 1.461 Executing VM operation: HandshakeAllThreads (Deoptimize) done
Event: 1.463 Executing VM operation: ICBufferFull
Event: 1.463 Executing VM operation: ICBufferFull done
Event: 1.582 Executing VM operation: HandshakeAllThreads (Deoptimize)
Event: 1.582 Executing VM operation: HandshakeAllThreads (Deoptimize) done
Event: 1.618 Executing VM operation: G1CollectForAllocation (G1 Evacuation Pause)
Event: 1.622 Executing VM operation: G1CollectForAllocation (G1 Evacuation Pause) done

Events (20 events):
Event: 0.020 Thread 0x0000023759c31420 Thread added: 0x0000023759c31420
Event: 0.021 Thread 0x0000023759c93ba0 Thread added: 0x0000023759c93ba0
Event: 0.054 Thread 0x0000023759d18a10 Thread added: 0x0000023759d18a10
Event: 0.058 Thread 0x0000023759dabca0 Thread added: 0x0000023759dabca0
Event: 0.060 Thread 0x0000023759db30d0 Thread added: 0x0000023759db30d0
Event: 0.060 Thread 0x0000023759db3790 Thread added: 0x0000023759db3790
Event: 0.118 Thread 0x0000023759ebec20 Thread added: 0x0000023759ebec20
Event: 0.118 Thread 0x0000023759ebf290 Thread added: 0x0000023759ebf290
Event: 0.199 Thread 0x000002379f6e2b40 Thread added: 0x000002379f6e2b40
Event: 0.330 Thread 0x000002379fdde6e0 Thread added: 0x000002379fdde6e0
Event: 0.332 Thread 0x000002379f771070 Thread added: 0x000002379f771070
Event: 0.561 Thread 0x00000237a013f260 Thread added: 0x00000237a013f260
Event: 0.613 Thread 0x00000237a0206010 Thread added: 0x00000237a0206010
Event: 0.614 Thread 0x00000237a02066d0 Thread added: 0x00000237a02066d0
Event: 0.614 Thread 0x00000237a02085c0 Thread added: 0x00000237a02085c0
Event: 0.614 Thread 0x00000237a0209090 Thread added: 0x00000237a0209090
Event: 0.614 Thread 0x00000237a0209f60 Thread added: 0x00000237a0209f60
Event: 0.896 Thread 0x00000237a1019400 Thread added: 0x00000237a1019400
Event: 0.971 Thread 0x00000237a1019400 Thread exited: 0x00000237a1019400
Event: 1.094 Thread 0x00000237a013f260 Thread exited: 0x00000237a013f260


Dynamic libraries:
0x00007ff615220000 - 0x00007ff61522e000 	C:\Users\giacc\.jdks\openjdk-22.0.1\bin\java.exe
0x00007ffe3a810000 - 0x00007ffe3aa27000 	C:\Windows\SYSTEM32\ntdll.dll
0x00007ffe39a70000 - 0x00007ffe39b34000 	C:\Windows\System32\KERNEL32.DLL
0x00007ffe37c90000 - 0x00007ffe3803c000 	C:\Windows\System32\KERNELBASE.dll
0x00007ffe37b40000 - 0x00007ffe37c51000 	C:\Windows\System32\ucrtbase.dll
0x00007ffe1cf20000 - 0x00007ffe1cf37000 	C:\Users\giacc\.jdks\openjdk-22.0.1\bin\jli.dll
0x00007ffe18ae0000 - 0x00007ffe18afb000 	C:\Users\giacc\.jdks\openjdk-22.0.1\bin\VCRUNTIME140.dll
0x00007ffe3a510000 - 0x00007ffe3a6be000 	C:\Windows\System32\USER32.dll
0x00007ffe37c60000 - 0x00007ffe37c86000 	C:\Windows\System32\win32u.dll
0x00007ffe2d840000 - 0x00007ffe2dad3000 	C:\Windows\WinSxS\amd64_microsoft.windows.common-controls_6595b64144ccf1df_6.0.22621.3672_none_2713b9d173822955\COMCTL32.dll
0x00007ffe39ea0000 - 0x00007ffe39ec9000 	C:\Windows\System32\GDI32.dll
0x00007ffe38160000 - 0x00007ffe38279000 	C:\Windows\System32\gdi32full.dll
0x00007ffe39fe0000 - 0x00007ffe3a087000 	C:\Windows\System32\msvcrt.dll
0x00007ffe38040000 - 0x00007ffe380da000 	C:\Windows\System32\msvcp_win.dll
0x00007ffe3a6c0000 - 0x00007ffe3a6f1000 	C:\Windows\System32\IMM32.DLL
0x00007ffe332e0000 - 0x00007ffe332ec000 	C:\Users\giacc\.jdks\openjdk-22.0.1\bin\vcruntime140_1.dll
0x00007ffe18a50000 - 0x00007ffe18ade000 	C:\Users\giacc\.jdks\openjdk-22.0.1\bin\msvcp140.dll
0x00007ffdb0260000 - 0x00007ffdb0fa7000 	C:\Users\giacc\.jdks\openjdk-22.0.1\bin\server\jvm.dll
0x00007ffe38c90000 - 0x00007ffe38d42000 	C:\Windows\System32\ADVAPI32.dll
0x00007ffe3a720000 - 0x00007ffe3a7ca000 	C:\Windows\System32\sechost.dll
0x00007ffe38280000 - 0x00007ffe382a8000 	C:\Windows\System32\bcrypt.dll
0x00007ffe39b40000 - 0x00007ffe39c55000 	C:\Windows\System32\RPCRT4.dll
0x00007ffe39f60000 - 0x00007ffe39fd1000 	C:\Windows\System32\WS2_32.dll
0x00007ffe369d0000 - 0x00007ffe36a1d000 	C:\Windows\SYSTEM32\POWRPROF.dll
0x00007ffe307f0000 - 0x00007ffe30824000 	C:\Windows\SYSTEM32\WINMM.dll
0x00007ffe2f620000 - 0x00007ffe2f62a000 	C:\Windows\SYSTEM32\VERSION.dll
0x00007ffe369b0000 - 0x00007ffe369c3000 	C:\Windows\SYSTEM32\UMPDC.dll
0x00007ffe36c60000 - 0x00007ffe36c78000 	C:\Windows\SYSTEM32\kernel.appcore.dll
0x00007ffe30890000 - 0x00007ffe3089a000 	C:\Users\giacc\.jdks\openjdk-22.0.1\bin\jimage.dll
0x00007ffe351e0000 - 0x00007ffe35412000 	C:\Windows\SYSTEM32\DBGHELP.DLL
0x00007ffe38900000 - 0x00007ffe38c88000 	C:\Windows\System32\combase.dll
0x00007ffe38710000 - 0x00007ffe387e7000 	C:\Windows\System32\OLEAUT32.dll
0x00007ffe064e0000 - 0x00007ffe06512000 	C:\Windows\SYSTEM32\dbgcore.DLL
0x00007ffe380e0000 - 0x00007ffe3815b000 	C:\Windows\System32\bcryptPrimitives.dll
0x00007ffe1def0000 - 0x00007ffe1deff000 	C:\Users\giacc\.jdks\openjdk-22.0.1\bin\instrument.dll
0x00007ffe18a30000 - 0x00007ffe18a4e000 	C:\Users\giacc\.jdks\openjdk-22.0.1\bin\java.dll
0x00007ffe39210000 - 0x00007ffe39a6c000 	C:\Windows\System32\SHELL32.dll
0x00007ffe39c70000 - 0x00007ffe39e15000 	C:\Windows\System32\ole32.dll
0x00007ffe358f0000 - 0x00007ffe361e7000 	C:\Windows\SYSTEM32\windows.storage.dll
0x00007ffe36220000 - 0x00007ffe3635f000 	C:\Windows\SYSTEM32\wintypes.dll
0x00007ffe39110000 - 0x00007ffe39204000 	C:\Windows\System32\SHCORE.dll
0x00007ffe38e40000 - 0x00007ffe38e9e000 	C:\Windows\System32\shlwapi.dll
0x00007ffe37a70000 - 0x00007ffe37a91000 	C:\Windows\SYSTEM32\profapi.dll
0x00007ffe18950000 - 0x00007ffe18a27000 	C:\Users\giacc\.jdks\openjdk-22.0.1\bin\jsvml.dll
0x00007ffe18910000 - 0x00007ffe18927000 	C:\Users\giacc\.jdks\openjdk-22.0.1\bin\zip.dll
0x00007ffe29150000 - 0x00007ffe29160000 	C:\Users\giacc\.jdks\openjdk-22.0.1\bin\net.dll
0x00007ffe370d0000 - 0x00007ffe37139000 	C:\Windows\system32\mswsock.dll
0x00007ffe18930000 - 0x00007ffe18946000 	C:\Users\giacc\.jdks\openjdk-22.0.1\bin\nio.dll
0x00007ffe16b00000 - 0x00007ffe16b1a000 	C:\Program Files\JetBrains\IntelliJ IDEA Community Edition 2024.1\bin\breakgen64.dll
0x00007ffe19bc0000 - 0x00007ffe19bc9000 	C:\Users\giacc\.jdks\openjdk-22.0.1\bin\extnet.dll
0x00007ffe19e90000 - 0x00007ffe19e9a000 	C:\Users\giacc\.jdks\openjdk-22.0.1\bin\management.dll
0x00007ffe18900000 - 0x00007ffe1890b000 	C:\Users\giacc\.jdks\openjdk-22.0.1\bin\management_ext.dll
0x00007ffe38dd0000 - 0x00007ffe38dd8000 	C:\Windows\System32\PSAPI.DLL
0x00007ffe188b0000 - 0x00007ffe188bb000 	C:\Users\giacc\.jdks\openjdk-22.0.1\bin\le.dll
0x00007ffe188d0000 - 0x00007ffe188de000 	C:\Users\giacc\.jdks\openjdk-22.0.1\bin\sunmscapi.dll
0x00007ffe38320000 - 0x00007ffe38487000 	C:\Windows\System32\CRYPT32.dll
0x00007ffe374d0000 - 0x00007ffe374fe000 	C:\Windows\SYSTEM32\ncrypt.dll
0x00007ffe37490000 - 0x00007ffe374c7000 	C:\Windows\SYSTEM32\NTASN1.dll

dbghelp: loaded successfully - version: 4.0.5 - missing functions: none
symbol engine: initialized successfully - sym options: 0x614 - pdb path: .;C:\Users\giacc\.jdks\openjdk-22.0.1\bin;C:\Windows\SYSTEM32;C:\Windows\WinSxS\amd64_microsoft.windows.common-controls_6595b64144ccf1df_6.0.22621.3672_none_2713b9d173822955;C:\Users\giacc\.jdks\openjdk-22.0.1\bin\server;C:\Program Files\JetBrains\IntelliJ IDEA Community Edition 2024.1\bin

VM Arguments:
jvm_args: -javaagent:C:\Program Files\JetBrains\IntelliJ IDEA Community Edition 2024.1\lib\idea_rt.jar=53832:C:\Program Files\JetBrains\IntelliJ IDEA Community Edition 2024.1\bin -Dfile.encoding=UTF-8 -Dsun.stdout.encoding=UTF-8 -Dsun.stderr.encoding=UTF-8 
java_command: GestionaleAziendale.GesionaleBack.GesionaleBackApplication
java_class_path (initial): C:\Users\giacc\Desktop\GestionaleAziendale\GesionaleBack\target\classes;C:\Users\giacc\.m2\repository\org\springframework\boot\spring-boot-starter-data-jpa\3.3.0\spring-boot-starter-data-jpa-3.3.0.jar;C:\Users\giacc\.m2\repository\org\springframework\boot\spring-boot-starter-aop\3.3.0\spring-boot-starter-aop-3.3.0.jar;C:\Users\giacc\.m2\repository\org\aspectj\aspectjweaver\1.9.22\aspectjweaver-1.9.22.jar;C:\Users\giacc\.m2\repository\org\springframework\boot\spring-boot-starter-jdbc\3.3.0\spring-boot-starter-jdbc-3.3.0.jar;C:\Users\giacc\.m2\repository\com\zaxxer\HikariCP\5.1.0\HikariCP-5.1.0.jar;C:\Users\giacc\.m2\repository\org\springframework\spring-jdbc\6.1.8\spring-jdbc-6.1.8.jar;C:\Users\giacc\.m2\repository\org\hibernate\orm\hibernate-core\6.5.2.Final\hibernate-core-6.5.2.Final.jar;C:\Users\giacc\.m2\repository\jakarta\persistence\jakarta.persistence-api\3.1.0\jakarta.persistence-api-3.1.0.jar;C:\Users\giacc\.m2\repository\jakarta\transaction\jakarta.transaction-api\2.0.1\jakarta.transaction-api-2.0.1.jar;C:\Users\giacc\.m2\repository\org\jboss\logging\jboss-logging\3.5.3.Final\jboss-logging-3.5.3.Final.jar;C:\Users\giacc\.m2\repository\org\hibernate\common\hibernate-commons-annotations\6.0.6.Final\hibernate-commons-annotations-6.0.6.Final.jar;C:\Users\giacc\.m2\repository\io\smallrye\jandex\3.1.2\jandex-3.1.2.jar;C:\Users\giacc\.m2\repository\com\fasterxml\classmate\1.7.0\classmate-1.7.0.jar;C:\Users\giacc\.m2\repository\net\bytebuddy\byte-buddy\1.14.16\byte-buddy-1.14.16.jar;C:\Users\giacc\.m2\repository\org\glassfish\jaxb\jaxb-runtime\4.0.5\jaxb-runtime-4.0.5.jar;C:\Users\giacc\.m2\repository\org\glassfish\jaxb\jaxb-core\4.0.5\jaxb-core-4.0.5.jar;C:\Users\giacc\.m2\repository\org\glassfish\jaxb\txw2\4.0.5\txw2-4.0.5.jar;C:\Users\giacc\.m2\repository\com\sun\istack\istack-commons-runtime\4.1.2\istack-commons-runtime-4.1.2.jar;C:\Users\giacc\.m2\repository\jakarta\inject\jakarta.inject-api\2.0.1\jakarta.inject-api-2.0.1.jar;C:\Users\giacc\.m2\repository\org\antlr\antlr4-runtime\4.13.0\antlr4-runtime-4.13.0.jar;C:\Users\giacc\.m2\repository\org\springframework\data\spring-data-jpa\3.3.0\spring-data-jpa-3.3.0.jar;C:\Users\giacc\.m2\repository\org\springframework\data\spring-data-commons\3.3.0\spring-data-commons-3.3.0.jar;C:\Users\giacc\.m2\repository\org\springframework\spring-orm\6.1.8\spring-orm-6.1.8.jar;C:\Users\giacc\.m2\repository\org\springframework\spring-context\6.1.8\spring-context-6.1.8.jar;C:\Users\giacc\.m2\repository\org\springframework\spring-tx\6.1.8\spring-tx-6.1.8.jar;C:\Users\giacc\.m2\repository\org\springframework\spring-beans\6.1.8\spring-beans-6.1.8.jar;C:\Users\giacc\.m2\repository\jakarta\annotation\jakarta.annotation-api\2.1.1\jakarta.annotation-api-2.1.1.jar;C:\Users\giacc\.m2\repository\org\slf4j\slf4j-api\2.0.13\slf4j-api-2.0.13.jar;C:\Users\giacc\.m2\repository\org\springframework\spring-aspects\6.1.8\spring-aspects-6.1.8.jar;C:\Users\giacc\.m2\repository\org\springframework\boot\spring-boot-starter-security\3.3.0\spring-boot-starter-security-3.3.0.jar;C:\Users\giacc\.m2\repository\org\springframework\boot\spring-boot-starter\3.3.0\spring-boot-starter-3.3.0.jar;C:\Users\giacc\.m2\repository\org\springframework\boot\spring-boot-starter-logging\3.3.0\spring-boot-starter-logging-3.3.0.jar;C:\Users\giacc\.m2\repository\ch\qos\logback\logback-classic\1.5.6\logback-classic-1.5.6.jar;C:\Users\giacc\.m2\repository\ch\qos\logback\logback-core\1.5.6\logback-core-1.5.6.jar;C:\Users\giacc\.m2\repository\org\apache\logging\log4j\log4j-to-slf4j\2.23.1\log4j-to-slf4j-2.23.1.jar;C:\Users\giacc\.m2\repository\org\slf4j\jul-to-slf4j\2.0.13\jul-to-slf4j-2.0.13.jar;C:\Users\giacc\.m2\repository\org\yaml\snakeyaml\2.2\snakeyaml-2.2.jar;C:\Users\giacc\.m2\repository\org\springframework\spring-aop\6.1.8\spring-aop-6.1.8.jar;C:\Users\giacc\.m2\repository\org\springframework\security\spring-security-config\6.3.0\spring-security-config-6.3.0.jar;C:\Users\giacc\.m2\repository\org\springframework\security\spring-security-web\6.3.0\spring-security-web-6.3.0.jar;C:\Users\giacc\.m2\repository\org\springframework\spring-expression\6.1.8\spring-expression-6.1.8.jar;C:\Users\giacc\.m2\repository\org\springframework\boot\spring-boot-starter-validation\3.3.0\spring-boot-starter-validation-3.3.0.jar;C:\Users\giacc\.m2\repository\org\apache\tomcat\embed\tomcat-embed-el\10.1.24\tomcat-embed-el-10.1.24.jar;C:\Users\giacc\.m2\repository\org\hibernate\validator\hibernate-validator\8.0.1.Final\hibernate-validator-8.0.1.Final.jar;C:\Users\giacc\.m2\repository\jakarta\validation\jakarta.validation-api\3.0.2\jakarta.validation-api-3.0.2.jar;C:\Users\giacc\.m2\repository\org\springframework\boot\spring-boot-starter-web\3.3.0\spring-boot-starter-web-3.3.0.jar;C:\Users\giacc\.m2\repository\org\springframework\boot\spring-boot-starter-json\3.3.0\spring-boot-starter-json-3.3.0.jar;C:\Users\giacc\.m2\repository\com\fasterxml\jackson\datatype\jackson-datatype-jdk8\2.17.1\jackson-datatype-jdk8-2.17.1.jar;C:\Users\giacc\.m2\repository\com\fasterxml\jackson\datatype\jackson-datatype-jsr310\2.17.1\jackson-datatype-jsr310-2.17.1.jar;C:\Users\giacc\.m2\repository\com\fasterxml\jackson\module\jackson-module-parameter-names\2.17.1\jackson-module-parameter-names-2.17.1.jar;C:\Users\giacc\.m2\repository\org\springframework\boot\spring-boot-starter-tomcat\3.3.0\spring-boot-starter-tomcat-3.3.0.jar;C:\Users\giacc\.m2\repository\org\apache\tomcat\embed\tomcat-embed-core\10.1.24\tomcat-embed-core-10.1.24.jar;C:\Users\giacc\.m2\repository\org\apache\tomcat\embed\tomcat-embed-websocket\10.1.24\tomcat-embed-websocket-10.1.24.jar;C:\Users\giacc\.m2\repository\org\springframework\spring-web\6.1.8\spring-web-6.1.8.jar;C:\Users\giacc\.m2\repository\io\micrometer\micrometer-observation\1.13.0\micrometer-observation-1.13.0.jar;C:\Users\giacc\.m2\repository\io\micrometer\micrometer-commons\1.13.0\micrometer-commons-1.13.0.jar;C:\Users\giacc\.m2\repository\org\springframework\spring-webmvc\6.1.8\spring-webmvc-6.1.8.jar;C:\Users\giacc\.m2\repository\org\springframework\boot\spring-boot-starter-webflux\3.3.0\spring-boot-starter-webflux-3.3.0.jar;C:\Users\giacc\.m2\repository\org\springframework\boot\spring-boot-starter-reactor-netty\3.3.0\spring-boot-starter-reactor-netty-3.3.0.jar;C:\Users\giacc\.m2\repository\io\projectreactor\netty\reactor-netty-http\1.1.19\reactor-netty-http-1.1.19.jar;C:\Users\giacc\.m2\repository\io\netty\netty-codec-http\4.1.110.Final\netty-codec-http-4.1.110.Final.jar;C:\Users\giacc\.m2\repository\io\netty\netty-common\4.1.110.Final\netty-common-4.1.110.Final.jar;C:\Users\giacc\.m2\repository\io\netty\netty-buffer\4.1.110.Final\netty-buffer-4.1.110.Final.jar;C:\Users\giacc\.m2\repository\io\netty\netty-transport\4.1.110.Final\netty-transport-4.1.110.Final.jar;C:\Users\giacc\.m2\repository\io\netty\netty-codec\4.1.110.Final\netty-codec-4.1.110.Final.jar;C:\Users\giacc\.m2\repository\io\netty\netty-handler\4.1.110.Final\netty-handler-4.1.110.Final.jar;C:\Users\giacc\.m2\repository\io\netty\netty-codec-http2\4.1.110.Final\netty-codec-http2-4.1.110.Final.jar;C:\Users\giacc\.m2\repository\io\netty\netty-resolver-dns\4.1.110.Final\netty-resolver-dns-4.1.110.Final.jar;C:\Users\giacc\.m2\repository\io\netty\netty-resolver\4.1.110.Final\netty-resolver-4.1.110.Final.jar;C:\Users\giacc\.m2\repository\io\netty\netty-codec-dns\4.1.110.Final\netty-codec-dns-4.1.110.Final.jar;C:\Users\giacc\.m2\repository\io\netty\netty-resolver-dns-native-macos\4.1.110.Final\netty-resolver-dns-native-macos-4.1.110.Final-osx-x86_64.jar;C:\Users\giacc\.m2\repository\io\netty\netty-resolver-dns-classes-macos\4.1.110.Final\netty-resolver-dns-classes-macos-4.1.110.Final.jar;C:\Users\giacc\.m2\repository\io\netty\netty-transport-native-epoll\4.1.110.Final\netty-transport-native-epoll-4.1.110.Final-linux-x86_64.jar;C:\Users\giacc\.m2\repository\io\netty\netty-transport-native-unix-common\4.1.110.Final\netty-transport-native-unix-common-4.1.110.Final.jar;C:\Users\giacc\.m2\repository\io\netty\netty-transport-classes-epoll\4.1.110.Final\netty-transport-classes-epoll-4.1.110.Final.jar;C:\Users\giacc\.m2\repository\io\projectreactor\netty\reactor-netty-core\1.1.19\reactor-netty-core-1.1.19.jar;C:\Users\giacc\.m2\repository\io\netty\netty-handler-proxy\4.1.110.Final\netty-handler-proxy-4.1.110.Final.jar;C:\Users\giacc\.m2\repository\io\netty\netty-codec-socks\4.1.110.Final\netty-codec-socks-4.1.110.Final.jar;C:\Users\giacc\.m2\repository\org\springframework\spring-webflux\6.1.8\spring-webflux-6.1.8.jar;C:\Users\giacc\.m2\repository\org\springframework\boot\spring-boot-starter-websocket\3.3.0\spring-boot-starter-websocket-3.3.0.jar;C:\Users\giacc\.m2\repository\org\springframework\spring-messaging\6.1.8\spring-messaging-6.1.8.jar;C:\Users\giacc\.m2\repository\org\springframework\spring-websocket\6.1.8\spring-websocket-6.1.8.jar;C:\Users\giacc\.m2\repository\org\springframework\boot\spring-boot-devtools\3.3.0\spring-boot-devtools-3.3.0.jar;C:\Users\giacc\.m2\repository\org\springframework\boot\spring-boot\3.3.0\spring-boot-3.3.0.jar;C:\Users\giacc\.m2\repository\org\springframework\boot\spring-boot-autoconfigure\3.3.0\spring-boot-autoconfigure-3.3.0.jar;C:\Users\giacc\.m2\repository\org\postgresql\postgresql\42.7.3\postgresql-42.7.3.jar;C:\Users\giacc\.m2\repository\org\checkerframework\checker-qual\3.42.0\checker-qual-3.42.0.jar;C:\Users\giacc\.m2\repository\org\projectlombok\lombok\1.18.32\lombok-1.18.32.jar;C:\Users\giacc\.m2\repository\jakarta\xml\bind\jakarta.xml.bind-api\4.0.2\jakarta.xml.bind-api-4.0.2.jar;C:\Users\giacc\.m2\repository\jakarta\activation\jakarta.activation-api\2.1.3\jakarta.activation-api-2.1.3.jar;C:\Users\giacc\.m2\repository\org\springframework\spring-core\6.1.8\spring-core-6.1.8.jar;C:\Users\giacc\.m2\repository\org\springframework\spring-jcl\6.1.8\spring-jcl-6.1.8.jar;C:\Users\giacc\.m2\repository\io\projectreactor\reactor-core\3.6.6\reactor-core-3.6.6.jar;C:\Users\giacc\.m2\repository\org\reactivestreams\reactive-streams\1.0.4\reactive-streams-1.0.4.jar;C:\Users\giacc\.m2\repository\org\springframework\security\spring-security-core\6.3.0\spring-security-core-6.3.0.jar;C:\Users\giacc\.m2\repository\org\springframework\security\spring-security-crypto\6.3.0\spring-security-crypto-6.3.0.jar;C:\Users\giacc\.m2\repository\io\jsonwebtoken\jjwt-api\0.12.5\jjwt-api-0.12.5.jar;C:\Users\giacc\.m2\repository\io\jsonwebtoken\jjwt-impl\0.12.5\jjwt-impl-0.12.5.jar;C:\Users\giacc\.m2\repository\io\jsonwebtoken\jjwt-jackson\0.12.5\jjwt-jackson-0.12.5.jar;C:\Users\giacc\.m2\repository\com\fasterxml\jackson\core\jackson-databind\2.17.1\jackson-databind-2.17.1.jar;C:\Users\giacc\.m2\repository\com\fasterxml\jackson\core\jackson-annotations\2.17.1\jackson-annotations-2.17.1.jar;C:\Users\giacc\.m2\repository\com\fasterxml\jackson\core\jackson-core\2.17.1\jackson-core-2.17.1.jar;C:\Users\giacc\.m2\repository\org\mapstruct\mapstruct-processor\1.5.5.Final\mapstruct-processor-1.5.5.Final.jar;C:\Users\giacc\.m2\repository\org\mapstruct\mapstruct\1.5.5.Final\mapstruct-1.5.5.Final.jar;C:\Users\giacc\.m2\repository\org\springframework\boot\spring-boot-starter-log4j2\3.3.0\spring-boot-starter-log4j2-3.3.0.jar;C:\Users\giacc\.m2\repository\org\apache\logging\log4j\log4j-slf4j2-impl\2.23.1\log4j-slf4j2-impl-2.23.1.jar;C:\Users\giacc\.m2\repository\org\apache\logging\log4j\log4j-api\2.23.1\log4j-api-2.23.1.jar;C:\Users\giacc\.m2\repository\org\apache\logging\log4j\log4j-core\2.23.1\log4j-core-2.23.1.jar;C:\Users\giacc\.m2\repository\org\apache\logging\log4j\log4j-jul\2.23.1\log4j-jul-2.23.1.jar;C:\Users\giacc\.m2\repository\org\springframework\boot\spring-boot-starter-mail\3.3.0\spring-boot-starter-mail-3.3.0.jar;C:\Users\giacc\.m2\repository\org\springframework\spring-context-support\6.1.8\spring-context-support-6.1.8.jar;C:\Users\giacc\.m2\repository\org\eclipse\angus\jakarta.mail\2.0.3\jakarta.mail-2.0.3.jar;C:\Users\giacc\.m2\repository\org\eclipse\angus\angus-activation\2.0.2\angus-activation-2.0.2.jar
Launcher Type: SUN_STANDARD

[Global flags]
     intx CICompilerCount                          = 15                                        {product} {ergonomic}
     uint ConcGCThreads                            = 6                                         {product} {ergonomic}
     uint G1ConcRefinementThreads                  = 23                                        {product} {ergonomic}
   size_t G1HeapRegionSize                         = 4194304                                   {product} {ergonomic}
   size_t InitialHeapSize                          = 532676608                                 {product} {ergonomic}
   size_t MarkStackSize                            = 4194304                                   {product} {ergonomic}
   size_t MaxHeapSize                              = 8510242816                                {product} {ergonomic}
   size_t MaxNewSize                               = 5104467968                                {product} {ergonomic}
   size_t MinHeapDeltaBytes                        = 4194304                                   {product} {ergonomic}
   size_t MinHeapSize                              = 8388608                                   {product} {ergonomic}
    uintx NonNMethodCodeHeapSize                   = 8192380                                {pd product} {ergonomic}
    uintx NonProfiledCodeHeapSize                  = 121732930                              {pd product} {ergonomic}
    uintx ProfiledCodeHeapSize                     = 121732930                              {pd product} {ergonomic}
    uintx ReservedCodeCacheSize                    = 251658240                              {pd product} {ergonomic}
     bool SegmentedCodeCache                       = true                                      {product} {ergonomic}
   size_t SoftMaxHeapSize                          = 8510242816                             {manageable} {ergonomic}
     bool UseCompressedOops                        = true                           {product lp64_product} {ergonomic}
     bool UseG1GC                                  = true                                      {product} {ergonomic}
     bool UseLargePagesIndividualAllocation        = false                                  {pd product} {ergonomic}

Logging:
Log output configuration:
 #0: stdout all=warning uptime,level,tags foldmultilines=false
 #1: stderr all=off uptime,level,tags foldmultilines=false

Environment Variables:
PATH=C:\Windows\system32;C:\Windows;C:\Windows\System32\Wbem;C:\Windows\System32\WindowsPowerShell\v1.0\;C:\Windows\System32\OpenSSH\;C:\Program Files\dotnet\;C:\Program Files (x86)\NVIDIA Corporation\PhysX\Common;C:\Program Files\NVIDIA Corporation\NVIDIA NvDLISR;C:\Program Files\nodejs\;C:\Program Files (x86)\Windows Kits\10\Windows Performance Toolkit\;C:\Program Files\Git\cmd;C:\Users\giacc\AppData\Local\Microsoft\WindowsApps;C:\Users\giacc\AppData\Local\Programs\Microsoft VS Code\bin;C:\Users\giacc\AppData\Roaming\npm
USERNAME=giacc
OS=Windows_NT
PROCESSOR_IDENTIFIER=Intel64 Family 6 Model 183 Stepping 1, GenuineIntel
TMP=C:\Users\giacc\AppData\Local\Temp
TEMP=C:\Users\giacc\AppData\Local\Temp




Periodic native trim disabled

---------------  S Y S T E M  ---------------

OS:
 Windows 11 , 64 bit Build 22621 (10.0.22621.3672)
OS uptime: 0 days 2:17 hours
Hyper-V role detected

CPU: total 32 (initial active 32) (16 cores per cpu, 2 threads per core) family 6 model 183 stepping 1 microcode 0x11f, cx8, cmov, fxsr, ht, mmx, 3dnowpref, sse, sse2, sse3, ssse3, sse4.1, sse4.2, popcnt, lzcnt, tsc, tscinvbit, avx, avx2, aes, erms, clmul, bmi1, bmi2, adx, sha, fma, vzeroupper, clflush, clflushopt, clwb, hv, serialize, rdtscp, rdpid, fsrm, f16c, cet_ibt, cet_ss
Processor Information for processor 0
  Max Mhz: 2200, Current Mhz: 2200, Mhz Limit: 2200
Processor Information for processor 1
  Max Mhz: 2200, Current Mhz: 1466, Mhz Limit: 2200
Processor Information for processor 2
  Max Mhz: 2200, Current Mhz: 2200, Mhz Limit: 2200
Processor Information for processor 3
  Max Mhz: 2200, Current Mhz: 2200, Mhz Limit: 2200
Processor Information for processor 4
  Max Mhz: 2200, Current Mhz: 2200, Mhz Limit: 2200
Processor Information for processor 5
  Max Mhz: 2200, Current Mhz: 1466, Mhz Limit: 2200
Processor Information for processor 6
  Max Mhz: 2200, Current Mhz: 2200, Mhz Limit: 2200
Processor Information for processor 7
  Max Mhz: 2200, Current Mhz: 1466, Mhz Limit: 2200
Processor Information for processor 8
  Max Mhz: 2200, Current Mhz: 2200, Mhz Limit: 2200
Processor Information for processor 9
  Max Mhz: 2200, Current Mhz: 1466, Mhz Limit: 2200
Processor Information for processor 10
  Max Mhz: 2200, Current Mhz: 2200, Mhz Limit: 2200
Processor Information for processor 11
  Max Mhz: 2200, Current Mhz: 1466, Mhz Limit: 2200
Processor Information for processor 12
  Max Mhz: 2200, Current Mhz: 2200, Mhz Limit: 2200
Processor Information for processor 13
  Max Mhz: 2200, Current Mhz: 2200, Mhz Limit: 2200
Processor Information for processor 14
  Max Mhz: 2200, Current Mhz: 2200, Mhz Limit: 2200
Processor Information for processor 15
  Max Mhz: 2200, Current Mhz: 2200, Mhz Limit: 2200
Processor Information for processor 16
  Max Mhz: 2200, Current Mhz: 1500, Mhz Limit: 1584
Processor Information for processor 17
  Max Mhz: 2200, Current Mhz: 1500, Mhz Limit: 1584
Processor Information for processor 18
  Max Mhz: 2200, Current Mhz: 1500, Mhz Limit: 1584
Processor Information for processor 19
  Max Mhz: 2200, Current Mhz: 1600, Mhz Limit: 1584
Processor Information for processor 20
  Max Mhz: 2200, Current Mhz: 1500, Mhz Limit: 1584
Processor Information for processor 21
  Max Mhz: 2200, Current Mhz: 1500, Mhz Limit: 1584
Processor Information for processor 22
  Max Mhz: 2200, Current Mhz: 1600, Mhz Limit: 1584
Processor Information for processor 23
  Max Mhz: 2200, Current Mhz: 1500, Mhz Limit: 1584
Processor Information for processor 24
  Max Mhz: 2200, Current Mhz: 1500, Mhz Limit: 1584
Processor Information for processor 25
  Max Mhz: 2200, Current Mhz: 1500, Mhz Limit: 1584
Processor Information for processor 26
  Max Mhz: 2200, Current Mhz: 1600, Mhz Limit: 1584
Processor Information for processor 27
  Max Mhz: 2200, Current Mhz: 1500, Mhz Limit: 1584
Processor Information for processor 28
  Max Mhz: 2200, Current Mhz: 1500, Mhz Limit: 1584
Processor Information for processor 29
  Max Mhz: 2200, Current Mhz: 1500, Mhz Limit: 1584
Processor Information for processor 30
  Max Mhz: 2200, Current Mhz: 1500, Mhz Limit: 1584
Processor Information for processor 31
  Max Mhz: 2200, Current Mhz: 1500, Mhz Limit: 1584

Memory: 4k page, system-wide physical 32456M (15174M free)
TotalPageFile size 35016M (AvailPageFile size 12242M)
current process WorkingSet (physical memory assigned to process): 225M, peak: 225M
current process commit charge ("private bytes"): 311M, peak: 712M

vm_info: OpenJDK 64-Bit Server VM (22.0.1+8-16) for windows-amd64 JRE (22.0.1+8-16), built on 2024-03-12T10:33:16Z by "mach5one" with MS VC++ 17.6 (VS2022)

END.
